Determining if the pthread_create exist failed with the following output:
Change Dir: /home/david/Projects/c/cuda/edge-detection/global/CMakeFiles/CMakeTmp

Run Build Command:"/usr/bin/make" "cmTC_6946b/fast"
/usr/bin/make -f CMakeFiles/cmTC_6946b.dir/build.make CMakeFiles/cmTC_6946b.dir/build
make[1]: se entra en el directorio '/home/david/Projects/c/cuda/edge-detection/global/CMakeFiles/CMakeTmp'
Building C object CMakeFiles/cmTC_6946b.dir/CheckSymbolExists.c.o
/usr/bin/cc    -fPIC    -o CMakeFiles/cmTC_6946b.dir/CheckSymbolExists.c.o   -c /home/david/Projects/c/cuda/edge-detection/global/CMakeFiles/CMakeTmp/CheckSymbolExists.c
Linking C executable cmTC_6946b
/usr/bin/cmake -E cmake_link_script CMakeFiles/cmTC_6946b.dir/link.txt --verbose=1
/usr/bin/cc  -fPIC     CMakeFiles/cmTC_6946b.dir/CheckSymbolExists.c.o  -o cmTC_6946b -rdynamic 
CMakeFiles/cmTC_6946b.dir/CheckSymbolExists.c.o: En la función `main':
CheckSymbolExists.c:(.text+0x1b): referencia a `pthread_create' sin definir
collect2: error: ld returned 1 exit status
CMakeFiles/cmTC_6946b.dir/build.make:97: fallo en las instrucciones para el objetivo 'cmTC_6946b'
make[1]: *** [cmTC_6946b] Error 1
make[1]: se sale del directorio '/home/david/Projects/c/cuda/edge-detection/global/CMakeFiles/CMakeTmp'
Makefile:126: fallo en las instrucciones para el objetivo 'cmTC_6946b/fast'
make: *** [cmTC_6946b/fast] Error 2

File /home/david/Projects/c/cuda/edge-detection/global/CMakeFiles/CMakeTmp/CheckSymbolExists.c:
/* */
#include <pthread.h>

int main(int argc, char** argv)
{
  (void)argv;
#ifndef pthread_create
  return ((int*)(&pthread_create))[argc];
#else
  (void)argc;
  return 0;
#endif
}

Determining if the function pthread_create exists in the pthreads failed with the following output:
Change Dir: /home/david/Projects/c/cuda/edge-detection/global/CMakeFiles/CMakeTmp

Run Build Command:"/usr/bin/make" "cmTC_440df/fast"
/usr/bin/make -f CMakeFiles/cmTC_440df.dir/build.make CMakeFiles/cmTC_440df.dir/build
make[1]: se entra en el directorio '/home/david/Projects/c/cuda/edge-detection/global/CMakeFiles/CMakeTmp'
Building C object CMakeFiles/cmTC_440df.dir/CheckFunctionExists.c.o
/usr/bin/cc    -fPIC -DCHECK_FUNCTION_EXISTS=pthread_create   -o CMakeFiles/cmTC_440df.dir/CheckFunctionExists.c.o   -c /usr/share/cmake-3.5/Modules/CheckFunctionExists.c
Linking C executable cmTC_440df
/usr/bin/cmake -E cmake_link_script CMakeFiles/cmTC_440df.dir/link.txt --verbose=1
/usr/bin/cc  -fPIC -DCHECK_FUNCTION_EXISTS=pthread_create    CMakeFiles/cmTC_440df.dir/CheckFunctionExists.c.o  -o cmTC_440df -rdynamic -lpthreads 
/usr/bin/ld: no se puede encontrar -lpthreads
collect2: error: ld returned 1 exit status
CMakeFiles/cmTC_440df.dir/build.make:97: fallo en las instrucciones para el objetivo 'cmTC_440df'
make[1]: *** [cmTC_440df] Error 1
make[1]: se sale del directorio '/home/david/Projects/c/cuda/edge-detection/global/CMakeFiles/CMakeTmp'
Makefile:126: fallo en las instrucciones para el objetivo 'cmTC_440df/fast'
make: *** [cmTC_440df/fast] Error 2


