Determining if the pthread_create exist failed with the following output:
Change Dir: /home/david/Projects/c/cuda/edge-detection/shared/CMakeFiles/CMakeTmp

Run Build Command:"/usr/bin/make" "cmTC_d195d/fast"
/usr/bin/make -f CMakeFiles/cmTC_d195d.dir/build.make CMakeFiles/cmTC_d195d.dir/build
make[1]: se entra en el directorio '/home/david/Projects/c/cuda/edge-detection/shared/CMakeFiles/CMakeTmp'
Building C object CMakeFiles/cmTC_d195d.dir/CheckSymbolExists.c.o
/usr/bin/cc    -fPIC    -o CMakeFiles/cmTC_d195d.dir/CheckSymbolExists.c.o   -c /home/david/Projects/c/cuda/edge-detection/shared/CMakeFiles/CMakeTmp/CheckSymbolExists.c
Linking C executable cmTC_d195d
/usr/bin/cmake -E cmake_link_script CMakeFiles/cmTC_d195d.dir/link.txt --verbose=1
/usr/bin/cc  -fPIC     CMakeFiles/cmTC_d195d.dir/CheckSymbolExists.c.o  -o cmTC_d195d -rdynamic 
CMakeFiles/cmTC_d195d.dir/CheckSymbolExists.c.o: En la función `main':
CheckSymbolExists.c:(.text+0x1b): referencia a `pthread_create' sin definir
collect2: error: ld returned 1 exit status
CMakeFiles/cmTC_d195d.dir/build.make:97: fallo en las instrucciones para el objetivo 'cmTC_d195d'
make[1]: *** [cmTC_d195d] Error 1
make[1]: se sale del directorio '/home/david/Projects/c/cuda/edge-detection/shared/CMakeFiles/CMakeTmp'
Makefile:126: fallo en las instrucciones para el objetivo 'cmTC_d195d/fast'
make: *** [cmTC_d195d/fast] Error 2

File /home/david/Projects/c/cuda/edge-detection/shared/CMakeFiles/CMakeTmp/CheckSymbolExists.c:
/* */
#include <pthread.h>

int main(int argc, char** argv)
{
  (void)argv;
#ifndef pthread_create
  return ((int*)(&pthread_create))[argc];
#else
  (void)argc;
  return 0;
#endif
}

Determining if the function pthread_create exists in the pthreads failed with the following output:
Change Dir: /home/david/Projects/c/cuda/edge-detection/shared/CMakeFiles/CMakeTmp

Run Build Command:"/usr/bin/make" "cmTC_91c2b/fast"
/usr/bin/make -f CMakeFiles/cmTC_91c2b.dir/build.make CMakeFiles/cmTC_91c2b.dir/build
make[1]: se entra en el directorio '/home/david/Projects/c/cuda/edge-detection/shared/CMakeFiles/CMakeTmp'
Building C object CMakeFiles/cmTC_91c2b.dir/CheckFunctionExists.c.o
/usr/bin/cc    -fPIC -DCHECK_FUNCTION_EXISTS=pthread_create   -o CMakeFiles/cmTC_91c2b.dir/CheckFunctionExists.c.o   -c /usr/share/cmake-3.5/Modules/CheckFunctionExists.c
Linking C executable cmTC_91c2b
/usr/bin/cmake -E cmake_link_script CMakeFiles/cmTC_91c2b.dir/link.txt --verbose=1
/usr/bin/cc  -fPIC -DCHECK_FUNCTION_EXISTS=pthread_create    CMakeFiles/cmTC_91c2b.dir/CheckFunctionExists.c.o  -o cmTC_91c2b -rdynamic -lpthreads 
/usr/bin/ld: no se puede encontrar -lpthreads
collect2: error: ld returned 1 exit status
CMakeFiles/cmTC_91c2b.dir/build.make:97: fallo en las instrucciones para el objetivo 'cmTC_91c2b'
make[1]: *** [cmTC_91c2b] Error 1
make[1]: se sale del directorio '/home/david/Projects/c/cuda/edge-detection/shared/CMakeFiles/CMakeTmp'
Makefile:126: fallo en las instrucciones para el objetivo 'cmTC_91c2b/fast'
make: *** [cmTC_91c2b/fast] Error 2


