Determining if the pthread_create exist failed with the following output:
Change Dir: /home/david/Projects/c/cuda/edge-detection/constant/CMakeFiles/CMakeTmp

Run Build Command:"/usr/bin/make" "cmTC_cb743/fast"
/usr/bin/make -f CMakeFiles/cmTC_cb743.dir/build.make CMakeFiles/cmTC_cb743.dir/build
make[1]: se entra en el directorio '/home/david/Projects/c/cuda/edge-detection/constant/CMakeFiles/CMakeTmp'
Building C object CMakeFiles/cmTC_cb743.dir/CheckSymbolExists.c.o
/usr/bin/cc    -fPIC    -o CMakeFiles/cmTC_cb743.dir/CheckSymbolExists.c.o   -c /home/david/Projects/c/cuda/edge-detection/constant/CMakeFiles/CMakeTmp/CheckSymbolExists.c
Linking C executable cmTC_cb743
/usr/bin/cmake -E cmake_link_script CMakeFiles/cmTC_cb743.dir/link.txt --verbose=1
/usr/bin/cc  -fPIC     CMakeFiles/cmTC_cb743.dir/CheckSymbolExists.c.o  -o cmTC_cb743 -rdynamic 
CMakeFiles/cmTC_cb743.dir/CheckSymbolExists.c.o: En la función `main':
CheckSymbolExists.c:(.text+0x1b): referencia a `pthread_create' sin definir
collect2: error: ld returned 1 exit status
CMakeFiles/cmTC_cb743.dir/build.make:97: fallo en las instrucciones para el objetivo 'cmTC_cb743'
make[1]: *** [cmTC_cb743] Error 1
make[1]: se sale del directorio '/home/david/Projects/c/cuda/edge-detection/constant/CMakeFiles/CMakeTmp'
Makefile:126: fallo en las instrucciones para el objetivo 'cmTC_cb743/fast'
make: *** [cmTC_cb743/fast] Error 2

File /home/david/Projects/c/cuda/edge-detection/constant/CMakeFiles/CMakeTmp/CheckSymbolExists.c:
/* */
#include <pthread.h>

int main(int argc, char** argv)
{
  (void)argv;
#ifndef pthread_create
  return ((int*)(&pthread_create))[argc];
#else
  (void)argc;
  return 0;
#endif
}

Determining if the function pthread_create exists in the pthreads failed with the following output:
Change Dir: /home/david/Projects/c/cuda/edge-detection/constant/CMakeFiles/CMakeTmp

Run Build Command:"/usr/bin/make" "cmTC_9cdfe/fast"
/usr/bin/make -f CMakeFiles/cmTC_9cdfe.dir/build.make CMakeFiles/cmTC_9cdfe.dir/build
make[1]: se entra en el directorio '/home/david/Projects/c/cuda/edge-detection/constant/CMakeFiles/CMakeTmp'
Building C object CMakeFiles/cmTC_9cdfe.dir/CheckFunctionExists.c.o
/usr/bin/cc    -fPIC -DCHECK_FUNCTION_EXISTS=pthread_create   -o CMakeFiles/cmTC_9cdfe.dir/CheckFunctionExists.c.o   -c /usr/share/cmake-3.5/Modules/CheckFunctionExists.c
Linking C executable cmTC_9cdfe
/usr/bin/cmake -E cmake_link_script CMakeFiles/cmTC_9cdfe.dir/link.txt --verbose=1
/usr/bin/cc  -fPIC -DCHECK_FUNCTION_EXISTS=pthread_create    CMakeFiles/cmTC_9cdfe.dir/CheckFunctionExists.c.o  -o cmTC_9cdfe -rdynamic -lpthreads 
/usr/bin/ld: no se puede encontrar -lpthreads
collect2: error: ld returned 1 exit status
CMakeFiles/cmTC_9cdfe.dir/build.make:97: fallo en las instrucciones para el objetivo 'cmTC_9cdfe'
make[1]: *** [cmTC_9cdfe] Error 1
make[1]: se sale del directorio '/home/david/Projects/c/cuda/edge-detection/constant/CMakeFiles/CMakeTmp'
Makefile:126: fallo en las instrucciones para el objetivo 'cmTC_9cdfe/fast'
make: *** [cmTC_9cdfe/fast] Error 2


